<?xml version="1.0" encoding="UTF-8"?>
<testsuite name="tianma.learn.ds.lineartable.LinkedStackTest" tests="4" skipped="0" failures="0" errors="0" timestamp="2017-10-06T02:08:05" hostname="10-4-217-222.vlan869.client.wireless.uic.edu" time="0.002">
  <properties/>
  <testcase name="testPop" classname="tianma.learn.ds.lineartable.LinkedStackTest" time="0.001"/>
  <testcase name="testClear" classname="tianma.learn.ds.lineartable.LinkedStackTest" time="0.0"/>
  <testcase name="testPeek" classname="tianma.learn.ds.lineartable.LinkedStackTest" time="0.0"/>
  <testcase name="testIterator" classname="tianma.learn.ds.lineartable.LinkedStackTest" time="0.0"/>
  <system-out><![CDATA[preparing  [z, y, x, w, v, u, t, s, r, q, p, o, n, m, l, k, j, i, h, g, f, e, d, c, b, a]
testing pop started
testing pop finished
preparing  [z, y, x, w, v, u, t, s, r, q, p, o, n, m, l, k, j, i, h, g, f, e, d, c, b, a]
testing clear started
testing clear finished
preparing  [z, y, x, w, v, u, t, s, r, q, p, o, n, m, l, k, j, i, h, g, f, e, d, c, b, a]
testing peek started
testing peek finished
preparing  [z, y, x, w, v, u, t, s, r, q, p, o, n, m, l, k, j, i, h, g, f, e, d, c, b, a]
testing iterator started
z y x w v u t s r q p o n m l k j i h g f e d c b a 
z y x w v u t s r q p o n m l k j i h g f e d c b a 
testing iterator finished
]]></system-out>
  <system-err><![CDATA[]]></system-err>
</testsuite>
